<?xml version="1.0" encoding="UTF-8"?>
<!-- Generated by org.testng.reporters.JUnitReportReporter -->
<testsuite hostname="DESKTOP-IDF5NSK" failures="0" tests="1" name="com.dappwithmm.qa.testcases.SignIn" time="56.711" errors="0" timestamp="2025-06-04T22:51:00 PKT" skipped="0">
  <testcase classname="com.dappwithmm.qa.testcases.SignIn" name="TestCase2" time="56.711"/>
</testsuite> <!-- com.dappwithmm.qa.testcases.SignIn -->
